<?xml version="1.0" ?>
<!DOCTYPE coverage SYSTEM "http://cobertura.sourceforge.net/xml/coverage-04.dtd">
<coverage lines-valid="451" lines-covered="435" line-rate="0.9645" branches-valid="359" branches-covered="315" branch-rate="0.8774" timestamp="1787925300978" complexity="0" version="0.1">
  <sources>
    <source>C:\Users\HOUSE COMPUTER\Downloads\doc\Devcops\Phase-05\devops-formation-front</source>
  </sources>
  <packages>
    <package name="src" line-rate="1" branch-rate="1">
      <classes>
        <class name="App.tsx" filename="src\App.tsx" line-rate="1" branch-rate="1">
          <methods>
            <method name="RateLimitBanner" hits="19" signature="()V">
              <lines>
                <line number="13" hits="19"/>
              </lines>
            </method>
            <method name="(anonymous_1)" hits="9" signature="()V">
              <lines>
                <line number="16" hits="9"/>
              </lines>
            </method>
            <method name="handleRateLimit" hits="2" signature="()V">
              <lines>
                <line number="17" hits="2"/>
              </lines>
            </method>
            <method name="(anonymous_3)" hits="1" signature="()V">
              <lines>
                <line number="19" hits="1"/>
              </lines>
            </method>
            <method name="(anonymous_4)" hits="9" signature="()V">
              <lines>
                <line number="22" hits="9"/>
              </lines>
            </method>
            <method name="(anonymous_5)" hits="1" signature="()V">
              <lines>
                <line number="53" hits="1"/>
              </lines>
            </method>
            <method name="App" hits="16" signature="()V">
              <lines>
                <line number="70" hits="16"/>
              </lines>
            </method>
            <method name="goToOrders" hits="1" signature="()V">
              <lines>
                <line number="74" hits="1"/>
              </lines>
            </method>
          </methods>
          <lines>
            <line number="14" hits="19" branch="false"/>
            <line number="16" hits="19" branch="false"/>
            <line number="18" hits="2" branch="false"/>
            <line number="19" hits="2" branch="false"/>
            <line number="21" hits="9" branch="false"/>
            <line number="22" hits="9" branch="false"/>
            <line number="25" hits="19" branch="true" condition-coverage="100% (2/2)"/>
            <line number="27" hits="2" branch="false"/>
            <line number="53" hits="1" branch="false"/>
            <line number="71" hits="16" branch="false"/>
            <line number="72" hits="15" branch="false"/>
            <line number="75" hits="1" branch="true" condition-coverage="100% (2/2)"/>
            <line number="76" hits="1" branch="false"/>
            <line number="79" hits="15" branch="false"/>
          </lines>
        </class>
      </classes>
    </package>
    <package name="src.components.layout" line-rate="0.9" branch-rate="1">
      <classes>
        <class name="Sidebar.tsx" filename="src\components\layout\Sidebar.tsx" line-rate="0.9" branch-rate="1">
          <methods>
            <method name="Sidebar" hits="25" signature="()V">
              <lines>
                <line number="25" hits="25"/>
              </lines>
            </method>
            <method name="(anonymous_1)" hits="0" signature="()V">
              <lines>
                <line number="33" hits="0"/>
              </lines>
            </method>
            <method name="(anonymous_2)" hits="125" signature="()V">
              <lines>
                <line number="62" hits="125"/>
              </lines>
            </method>
            <method name="(anonymous_3)" hits="6" signature="()V">
              <lines>
                <line number="70" hits="6"/>
              </lines>
            </method>
            <method name="(anonymous_4)" hits="1" signature="()V">
              <lines>
                <line number="88" hits="1"/>
              </lines>
            </method>
          </methods>
          <lines>
            <line number="17" hits="2" branch="false"/>
            <line number="26" hits="25" branch="false"/>
            <line number="28" hits="25" branch="false"/>
            <line number="33" hits="0" branch="false"/>
            <line number="63" hits="125" branch="true" condition-coverage="100% (4/4)"/>
            <line number="64" hits="117" branch="false"/>
            <line number="65" hits="117" branch="false"/>
            <line number="66" hits="117" branch="false"/>
            <line number="70" hits="6" branch="false"/>
            <line number="88" hits="1" branch="false"/>
          </lines>
        </class>
      </classes>
    </package>
    <package name="src.components.pages" line-rate="0.9598" branch-rate="0.8495">
      <classes>
        <class name="AdminProductsPage.tsx" filename="src\components\pages\AdminProductsPage.tsx" line-rate="0.9508" branch-rate="0.8529000000000001">
          <methods>
            <method name="AdminProductsPage" hits="102" signature="()V">
              <lines>
                <line number="9" hits="102"/>
              </lines>
            </method>
            <method name="(anonymous_1)" hits="14" signature="()V">
              <lines>
                <line number="22" hits="14"/>
              </lines>
            </method>
            <method name="(anonymous_2)" hits="15" signature="()V">
              <lines>
                <line number="38" hits="15"/>
              </lines>
            </method>
            <method name="handleAdd" hits="4" signature="()V">
              <lines>
                <line number="51" hits="4"/>
              </lines>
            </method>
            <method name="(anonymous_4)" hits="2" signature="()V">
              <lines>
                <line number="64" hits="2"/>
              </lines>
            </method>
            <method name="handleDelete" hits="3" signature="()V">
              <lines>
                <line number="83" hits="3"/>
              </lines>
            </method>
            <method name="(anonymous_6)" hits="1" signature="()V">
              <lines>
                <line number="88" hits="1"/>
              </lines>
            </method>
            <method name="(anonymous_7)" hits="2" signature="()V">
              <lines>
                <line number="88" hits="2"/>
              </lines>
            </method>
            <method name="(anonymous_8)" hits="40" signature="()V">
              <lines>
                <line number="119" hits="40"/>
              </lines>
            </method>
            <method name="(anonymous_9)" hits="6" signature="()V">
              <lines>
                <line number="131" hits="6"/>
              </lines>
            </method>
            <method name="(anonymous_10)" hits="0" signature="()V">
              <lines>
                <line number="143" hits="0"/>
              </lines>
            </method>
            <method name="(anonymous_11)" hits="800" signature="()V">
              <lines>
                <line number="145" hits="800"/>
              </lines>
            </method>
            <method name="(anonymous_12)" hits="700" signature="()V">
              <lines>
                <line number="145" hits="700"/>
              </lines>
            </method>
            <method name="(anonymous_13)" hits="0" signature="()V">
              <lines>
                <line number="158" hits="0"/>
              </lines>
            </method>
            <method name="(anonymous_14)" hits="3" signature="()V">
              <lines>
                <line number="174" hits="3"/>
              </lines>
            </method>
            <method name="(anonymous_15)" hits="1" signature="()V">
              <lines>
                <line number="186" hits="1"/>
              </lines>
            </method>
            <method name="(anonymous_16)" hits="42" signature="()V">
              <lines>
                <line number="211" hits="42"/>
              </lines>
            </method>
            <method name="(anonymous_17)" hits="139" signature="()V">
              <lines>
                <line number="242" hits="139"/>
              </lines>
            </method>
            <method name="(anonymous_18)" hits="3" signature="()V">
              <lines>
                <line number="262" hits="3"/>
              </lines>
            </method>
          </methods>
          <lines>
            <line number="10" hits="102" branch="false"/>
            <line number="11" hits="101" branch="false"/>
            <line number="12" hits="101" branch="false"/>
            <line number="14" hits="101" branch="false"/>
            <line number="15" hits="101" branch="false"/>
            <line number="16" hits="101" branch="false"/>
            <line number="17" hits="101" branch="false"/>
            <line number="18" hits="101" branch="false"/>
            <line number="20" hits="101" branch="false"/>
            <line number="22" hits="101" branch="false"/>
            <line number="23" hits="14" branch="false"/>
            <line number="24" hits="14" branch="false"/>
            <line number="25" hits="14" branch="false"/>
            <line number="26" hits="14" branch="false"/>
            <line number="27" hits="13" branch="false"/>
            <line number="29" hits="1" branch="true" condition-coverage="50% (1/2)"/>
            <line number="30" hits="1" branch="false"/>
            <line number="31" hits="1" branch="false"/>
            <line number="34" hits="14" branch="false"/>
            <line number="38" hits="101" branch="false"/>
            <line number="39" hits="15" branch="true" condition-coverage="100% (2/2)"/>
            <line number="42" hits="101" branch="true" condition-coverage="100% (2/2)"/>
            <line number="43" hits="1" branch="false"/>
            <line number="52" hits="4" branch="false"/>
            <line number="53" hits="4" branch="false"/>
            <line number="54" hits="4" branch="false"/>
            <line number="62" hits="4" branch="false"/>
            <line number="63" hits="4" branch="false"/>
            <line number="64" hits="2" branch="false"/>
            <line number="65" hits="2" branch="false"/>
            <line number="66" hits="2" branch="false"/>
            <line number="67" hits="2" branch="false"/>
            <line number="68" hits="2" branch="false"/>
            <line number="69" hits="2" branch="false"/>
            <line number="71" hits="2" branch="true" condition-coverage="100% (2/2)"/>
            <line number="73" hits="1" branch="true" condition-coverage="75% (3/4)"/>
            <line number="74" hits="1" branch="false"/>
            <line number="78" hits="0" branch="false"/>
            <line number="85" hits="3" branch="true" condition-coverage="100% (2/2)"/>
            <line number="86" hits="2" branch="false"/>
            <line number="87" hits="2" branch="false"/>
            <line number="88" hits="2" branch="false"/>
            <line number="90" hits="1" branch="true" condition-coverage="50% (1/2)"/>
            <line number="91" hits="1" branch="false"/>
            <line number="92" hits="1" branch="false"/>
            <line number="97" hits="100" branch="false"/>
            <line number="119" hits="40" branch="false"/>
            <line number="131" hits="6" branch="false"/>
            <line number="143" hits="0" branch="false"/>
            <line number="145" hits="800" branch="false"/>
            <line number="146" hits="700" branch="false"/>
            <line number="158" hits="0" branch="false"/>
            <line number="174" hits="3" branch="false"/>
            <line number="187" hits="1" branch="false"/>
            <line number="188" hits="1" branch="false"/>
            <line number="189" hits="1" branch="false"/>
            <line number="190" hits="1" branch="false"/>
            <line number="191" hits="1" branch="false"/>
            <line number="212" hits="42" branch="false"/>
            <line number="243" hits="139" branch="false"/>
            <line number="262" hits="3" branch="false"/>
          </lines>
        </class>
        <class name="CartPage.tsx" filename="src\components\pages\CartPage.tsx" line-rate="0.9523" branch-rate="0.9">
          <methods>
            <method name="CartPage" hits="22" signature="()V">
              <lines>
                <line number="14" hits="22"/>
              </lines>
            </method>
            <method name="handleOrder" hits="3" signature="()V">
              <lines>
                <line number="19" hits="3"/>
              </lines>
            </method>
            <method name="(anonymous_2)" hits="3" signature="()V">
              <lines>
                <line number="25" hits="3"/>
              </lines>
            </method>
            <method name="(anonymous_3)" hits="14" signature="()V">
              <lines>
                <line number="89" hits="14"/>
              </lines>
            </method>
            <method name="(anonymous_4)" hits="1" signature="()V">
              <lines>
                <line number="106" hits="1"/>
              </lines>
            </method>
            <method name="(anonymous_5)" hits="1" signature="()V">
              <lines>
                <line number="119" hits="1"/>
              </lines>
            </method>
            <method name="(anonymous_6)" hits="0" signature="()V">
              <lines>
                <line number="136" hits="0"/>
              </lines>
            </method>
            <method name="(anonymous_7)" hits="14" signature="()V">
              <lines>
                <line number="153" hits="14"/>
              </lines>
            </method>
          </methods>
          <lines>
            <line number="15" hits="22" branch="false"/>
            <line number="16" hits="22" branch="false"/>
            <line number="17" hits="22" branch="false"/>
            <line number="20" hits="3" branch="false"/>
            <line number="21" hits="3" branch="false"/>
            <line number="22" hits="3" branch="false"/>
            <line number="23" hits="3" branch="false"/>
            <line number="25" hits="3" branch="false"/>
            <line number="31" hits="2" branch="false"/>
            <line number="32" hits="2" branch="false"/>
            <line number="34" hits="1" branch="true" condition-coverage="50% (1/2)"/>
            <line number="35" hits="1" branch="false"/>
            <line number="40" hits="3" branch="false"/>
            <line number="44" hits="22" branch="true" condition-coverage="100% (2/2)"/>
            <line number="45" hits="10" branch="false"/>
            <line number="60" hits="12" branch="false"/>
            <line number="90" hits="14" branch="false"/>
            <line number="107" hits="1" branch="false"/>
            <line number="120" hits="1" branch="false"/>
            <line number="136" hits="0" branch="false"/>
            <line number="154" hits="14" branch="false"/>
          </lines>
        </class>
        <class name="CatalogPage.tsx" filename="src\components\pages\CatalogPage.tsx" line-rate="0.9551999999999999" branch-rate="0.8332999999999999">
          <methods>
            <method name="ProductCard" hits="100" signature="()V">
              <lines>
                <line number="23" hits="100"/>
              </lines>
            </method>
            <method name="(anonymous_1)" hits="4" signature="()V">
              <lines>
                <line number="31" hits="4"/>
              </lines>
            </method>
            <method name="SkeletonCard" hits="248" signature="()V">
              <lines>
                <line number="136" hits="248"/>
              </lines>
            </method>
            <method name="CatalogPage" hits="81" signature="()V">
              <lines>
                <line number="153" hits="81"/>
              </lines>
            </method>
            <method name="pushErrorToast" hits="7" signature="()V">
              <lines>
                <line number="165" hits="7"/>
              </lines>
            </method>
            <method name="(anonymous_5)" hits="7" signature="()V">
              <lines>
                <line number="167" hits="7"/>
              </lines>
            </method>
            <method name="(anonymous_6)" hits="0" signature="()V">
              <lines>
                <line number="168" hits="0"/>
              </lines>
            </method>
            <method name="(anonymous_7)" hits="0" signature="()V">
              <lines>
                <line number="169" hits="0"/>
              </lines>
            </method>
            <method name="(anonymous_8)" hits="0" signature="()V">
              <lines>
                <line number="169" hits="0"/>
              </lines>
            </method>
            <method name="(anonymous_9)" hits="31" signature="()V">
              <lines>
                <line number="174" hits="31"/>
              </lines>
            </method>
            <method name="(anonymous_10)" hits="2" signature="()V">
              <lines>
                <line number="191" hits="2"/>
              </lines>
            </method>
            <method name="(anonymous_11)" hits="1" signature="()V">
              <lines>
                <line number="198" hits="1"/>
              </lines>
            </method>
            <method name="(anonymous_12)" hits="27" signature="()V">
              <lines>
                <line number="225" hits="27"/>
              </lines>
            </method>
            <method name="handleSearch" hits="2" signature="()V">
              <lines>
                <line number="229" hits="2"/>
              </lines>
            </method>
            <method name="handleAdd" hits="2" signature="()V">
              <lines>
                <line number="234" hits="2"/>
              </lines>
            </method>
            <method name="(anonymous_15)" hits="0" signature="()V">
              <lines>
                <line number="237" hits="0"/>
              </lines>
            </method>
            <method name="handleCatChange" hits="1" signature="()V">
              <lines>
                <line number="240" hits="1"/>
              </lines>
            </method>
            <method name="handleReset" hits="1" signature="()V">
              <lines>
                <line number="245" hits="1"/>
              </lines>
            </method>
            <method name="(anonymous_18)" hits="7" signature="()V">
              <lines>
                <line number="264" hits="7"/>
              </lines>
            </method>
            <method name="(anonymous_19)" hits="12" signature="()V">
              <lines>
                <line number="297" hits="12"/>
              </lines>
            </method>
            <method name="(anonymous_20)" hits="1" signature="()V">
              <lines>
                <line number="307" hits="1"/>
              </lines>
            </method>
            <method name="(anonymous_21)" hits="632" signature="()V">
              <lines>
                <line number="309" hits="632"/>
              </lines>
            </method>
            <method name="(anonymous_22)" hits="3" signature="()V">
              <lines>
                <line number="322" hits="3"/>
              </lines>
            </method>
            <method name="(anonymous_23)" hits="4" signature="()V">
              <lines>
                <line number="333" hits="4"/>
              </lines>
            </method>
            <method name="(anonymous_24)" hits="248" signature="()V">
              <lines>
                <line number="360" hits="248"/>
              </lines>
            </method>
            <method name="(anonymous_25)" hits="100" signature="()V">
              <lines>
                <line number="372" hits="100"/>
              </lines>
            </method>
            <method name="(anonymous_26)" hits="2" signature="()V">
              <lines>
                <line number="373" hits="2"/>
              </lines>
            </method>
          </methods>
          <lines>
            <line number="13" hits="2" branch="false"/>
            <line number="30" hits="100" branch="false"/>
            <line number="31" hits="100" branch="false"/>
            <line number="33" hits="100" branch="false"/>
            <line number="137" hits="248" branch="false"/>
            <line number="154" hits="81" branch="false"/>
            <line number="155" hits="79" branch="false"/>
            <line number="156" hits="79" branch="false"/>
            <line number="157" hits="79" branch="false"/>
            <line number="158" hits="79" branch="false"/>
            <line number="159" hits="79" branch="false"/>
            <line number="160" hits="79" branch="false"/>
            <line number="161" hits="79" branch="false"/>
            <line number="162" hits="79" branch="false"/>
            <line number="163" hits="79" branch="false"/>
            <line number="166" hits="7" branch="false"/>
            <line number="167" hits="7" branch="false"/>
            <line number="168" hits="7" branch="false"/>
            <line number="169" hits="0" branch="false"/>
            <line number="173" hits="79" branch="false"/>
            <line number="175" hits="31" branch="false"/>
            <line number="176" hits="31" branch="false"/>
            <line number="177" hits="31" branch="false"/>
            <line number="178" hits="31" branch="false"/>
            <line number="184" hits="25" branch="false"/>
            <line number="186" hits="6" branch="true" condition-coverage="50% (1/2)"/>
            <line number="188" hits="6" branch="true" condition-coverage="75% (3/4)"/>
            <line number="189" hits="6" branch="false"/>
            <line number="190" hits="6" branch="true" condition-coverage="100% (2/2)"/>
            <line number="191" hits="1" branch="false"/>
            <line number="192" hits="2" branch="false"/>
            <line number="196" hits="5" branch="true" condition-coverage="100% (4/4)"/>
            <line number="197" hits="4" branch="true" condition-coverage="100% (4/4)"/>
            <line number="198" hits="1" branch="false"/>
            <line number="199" hits="1" branch="false"/>
            <line number="203" hits="3" branch="true" condition-coverage="100% (4/4)"/>
            <line number="204" hits="2" branch="true" condition-coverage="100% (2/2)"/>
            <line number="206" hits="1" branch="false"/>
            <line number="208" hits="1" branch="true" condition-coverage="50% (1/2)"/>
            <line number="209" hits="1" branch="false"/>
            <line number="211" hits="6" branch="false"/>
            <line number="213" hits="0" branch="false"/>
            <line number="216" hits="0" branch="false"/>
            <line number="219" hits="31" branch="false"/>
            <line number="225" hits="79" branch="false"/>
            <line number="226" hits="27" branch="false"/>
            <line number="230" hits="2" branch="false"/>
            <line number="231" hits="2" branch="false"/>
            <line number="235" hits="2" branch="false"/>
            <line number="236" hits="2" branch="false"/>
            <line number="237" hits="2" branch="false"/>
            <line number="241" hits="1" branch="false"/>
            <line number="242" hits="1" branch="false"/>
            <line number="246" hits="1" branch="false"/>
            <line number="247" hits="1" branch="false"/>
            <line number="248" hits="1" branch="false"/>
            <line number="249" hits="1" branch="false"/>
            <line number="250" hits="1" branch="false"/>
            <line number="253" hits="79" branch="false"/>
            <line number="265" hits="7" branch="false"/>
            <line number="297" hits="12" branch="false"/>
            <line number="307" hits="1" branch="false"/>
            <line number="310" hits="632" branch="false"/>
            <line number="322" hits="3" branch="false"/>
            <line number="333" hits="4" branch="false"/>
            <line number="361" hits="248" branch="false"/>
            <line number="373" hits="100" branch="false"/>
          </lines>
        </class>
        <class name="OrdersPage.tsx" filename="src\components\pages\OrdersPage.tsx" line-rate="0.9655" branch-rate="0.8548">
          <methods>
            <method name="(anonymous_0)" hits="28" signature="()V">
              <lines>
                <line number="23" hits="28"/>
              </lines>
            </method>
            <method name="OrderRow" hits="28" signature="()V">
              <lines>
                <line number="40" hits="28"/>
              </lines>
            </method>
            <method name="handlePay" hits="5" signature="()V">
              <lines>
                <line number="47" hits="5"/>
              </lines>
            </method>
            <method name="(anonymous_3)" hits="1" signature="()V">
              <lines>
                <line number="107" hits="1"/>
              </lines>
            </method>
            <method name="(anonymous_4)" hits="1" signature="()V">
              <lines>
                <line number="107" hits="1"/>
              </lines>
            </method>
            <method name="(anonymous_5)" hits="17" signature="()V">
              <lines>
                <line number="155" hits="17"/>
              </lines>
            </method>
            <method name="OrdersPage" hits="26" signature="()V">
              <lines>
                <line number="258" hits="26"/>
              </lines>
            </method>
            <method name="(anonymous_7)" hits="14" signature="()V">
              <lines>
                <line number="265" hits="14"/>
              </lines>
            </method>
            <method name="(anonymous_8)" hits="12" signature="()V">
              <lines>
                <line number="267" hits="12"/>
              </lines>
            </method>
            <method name="(anonymous_9)" hits="30" signature="()V">
              <lines>
                <line number="270" hits="30"/>
              </lines>
            </method>
            <method name="(anonymous_10)" hits="2" signature="()V">
              <lines>
                <line number="273" hits="2"/>
              </lines>
            </method>
            <method name="(anonymous_11)" hits="14" signature="()V">
              <lines>
                <line number="280" hits="14"/>
              </lines>
            </method>
            <method name="(anonymous_12)" hits="17" signature="()V">
              <lines>
                <line number="283" hits="17"/>
              </lines>
            </method>
            <method name="(anonymous_13)" hits="17" signature="()V">
              <lines>
                <line number="284" hits="17"/>
              </lines>
            </method>
            <method name="(anonymous_14)" hits="17" signature="()V">
              <lines>
                <line number="285" hits="17"/>
              </lines>
            </method>
            <method name="(anonymous_15)" hits="27" signature="()V">
              <lines>
                <line number="302" hits="27"/>
              </lines>
            </method>
            <method name="(anonymous_16)" hits="42" signature="()V">
              <lines>
                <line number="320" hits="42"/>
              </lines>
            </method>
            <method name="(anonymous_17)" hits="17" signature="()V">
              <lines>
                <line number="336" hits="17"/>
              </lines>
            </method>
          </methods>
          <lines>
            <line number="23" hits="2" branch="false"/>
            <line number="24" hits="28" branch="false"/>
            <line number="29" hits="28" branch="false"/>
            <line number="30" hits="28" branch="false"/>
            <line number="41" hits="28" branch="false"/>
            <line number="42" hits="28" branch="false"/>
            <line number="43" hits="28" branch="false"/>
            <line number="44" hits="28" branch="false"/>
            <line number="45" hits="28" branch="false"/>
            <line number="48" hits="5" branch="false"/>
            <line number="49" hits="5" branch="false"/>
            <line number="50" hits="5" branch="false"/>
            <line number="51" hits="5" branch="false"/>
            <line number="56" hits="1" branch="false"/>
            <line number="57" hits="1" branch="true" condition-coverage="50% (1/2)"/>
            <line number="58" hits="1" branch="false"/>
            <line number="59" hits="1" branch="false"/>
            <line number="60" hits="1" branch="false"/>
            <line number="65" hits="0" branch="false"/>
            <line number="66" hits="0" branch="false"/>
            <line number="69" hits="4" branch="true" condition-coverage="50% (1/2)"/>
            <line number="71" hits="4" branch="true" condition-coverage="100% (4/4)"/>
            <line number="72" hits="3" branch="true" condition-coverage="50% (1/2)"/>
            <line number="73" hits="3" branch="false"/>
            <line number="74" hits="3" branch="true" condition-coverage="100% (2/2)"/>
            <line number="75" hits="1" branch="false"/>
            <line number="76" hits="2" branch="true" condition-coverage="100% (2/2)"/>
            <line number="77" hits="1" branch="false"/>
            <line number="79" hits="3" branch="false"/>
            <line number="82" hits="1" branch="true" condition-coverage="75% (3/4)"/>
            <line number="85" hits="1" branch="false"/>
            <line number="88" hits="5" branch="false"/>
            <line number="92" hits="28" branch="false"/>
            <line number="107" hits="1" branch="false"/>
            <line number="157" hits="17" branch="true" condition-coverage="100% (4/4)"/>
            <line number="162" hits="17" branch="true" condition-coverage="66.66666666666666% (2/3)"/>
            <line number="163" hits="17" branch="false"/>
            <line number="259" hits="26" branch="false"/>
            <line number="260" hits="26" branch="false"/>
            <line number="261" hits="26" branch="false"/>
            <line number="262" hits="26" branch="false"/>
            <line number="263" hits="26" branch="false"/>
            <line number="265" hits="26" branch="false"/>
            <line number="266" hits="14" branch="false"/>
            <line number="268" hits="12" branch="false"/>
            <line number="269" hits="12" branch="false"/>
            <line number="270" hits="30" branch="false"/>
            <line number="271" hits="12" branch="false"/>
            <line number="274" hits="2" branch="true" condition-coverage="50% (1/2)"/>
            <line number="275" hits="2" branch="false"/>
            <line number="280" hits="14" branch="false"/>
            <line number="283" hits="26" branch="false"/>
            <line number="284" hits="26" branch="false"/>
            <line number="285" hits="26" branch="false"/>
            <line number="287" hits="26" branch="false"/>
            <line number="303" hits="27" branch="false"/>
            <line number="321" hits="42" branch="false"/>
            <line number="337" hits="17" branch="false"/>
          </lines>
        </class>
        <class name="PaymentPage.tsx" filename="src\components\pages\PaymentPage.tsx" line-rate="1" branch-rate="0.8636">
          <methods>
            <method name="PaymentPage" hits="17" signature="()V">
              <lines>
                <line number="12" hits="17"/>
              </lines>
            </method>
            <method name="(anonymous_1)" hits="9" signature="()V">
              <lines>
                <line number="17" hits="9"/>
              </lines>
            </method>
            <method name="(anonymous_2)" hits="1" signature="()V">
              <lines>
                <line number="21" hits="1"/>
              </lines>
            </method>
            <method name="(anonymous_3)" hits="9" signature="()V">
              <lines>
                <line number="33" hits="9"/>
              </lines>
            </method>
            <method name="(anonymous_4)" hits="12" signature="()V">
              <lines>
                <line number="36" hits="12"/>
              </lines>
            </method>
            <method name="(anonymous_5)" hits="12" signature="()V">
              <lines>
                <line number="37" hits="12"/>
              </lines>
            </method>
            <method name="(anonymous_6)" hits="8" signature="()V">
              <lines>
                <line number="38" hits="8"/>
              </lines>
            </method>
            <method name="(anonymous_7)" hits="16" signature="()V">
              <lines>
                <line number="91" hits="16"/>
              </lines>
            </method>
            <method name="(anonymous_8)" hits="36" signature="()V">
              <lines>
                <line number="116" hits="36"/>
              </lines>
            </method>
            <method name="(anonymous_9)" hits="12" signature="()V">
              <lines>
                <line number="146" hits="12"/>
              </lines>
            </method>
          </methods>
          <lines>
            <line number="13" hits="17" branch="false"/>
            <line number="14" hits="16" branch="false"/>
            <line number="15" hits="16" branch="false"/>
            <line number="17" hits="16" branch="false"/>
            <line number="18" hits="9" branch="false"/>
            <line number="22" hits="1" branch="true" condition-coverage="50% (1/2)"/>
            <line number="24" hits="1" branch="true" condition-coverage="75% (3/4)"/>
            <line number="28" hits="1" branch="false"/>
            <line number="33" hits="9" branch="false"/>
            <line number="36" hits="16" branch="false"/>
            <line number="37" hits="16" branch="false"/>
            <line number="38" hits="16" branch="false"/>
            <line number="40" hits="16" branch="true" condition-coverage="100% (2/2)"/>
            <line number="44" hits="16" branch="false"/>
            <line number="92" hits="16" branch="false"/>
            <line number="117" hits="36" branch="false"/>
            <line number="147" hits="12" branch="false"/>
          </lines>
        </class>
      </classes>
    </package>
    <package name="src.lib" line-rate="0.9638" branch-rate="0.9037999999999999">
      <classes>
        <class name="api.ts" filename="src\lib\api.ts" line-rate="1" branch-rate="0.9761">
          <methods>
            <method name="(anonymous_0)" hits="35" signature="()V">
              <lines>
                <line number="20" hits="35"/>
              </lines>
            </method>
            <method name="isRateLimitError" hits="23" signature="()V">
              <lines>
                <line number="28" hits="23"/>
              </lines>
            </method>
            <method name="(anonymous_2)" hits="62" signature="()V">
              <lines>
                <line number="35" hits="62"/>
              </lines>
            </method>
            <method name="(anonymous_3)" hits="5" signature="()V">
              <lines>
                <line number="67" hits="5"/>
              </lines>
            </method>
            <method name="(anonymous_4)" hits="3" signature="()V">
              <lines>
                <line number="83" hits="3"/>
              </lines>
            </method>
            <method name="(anonymous_5)" hits="5" signature="()V">
              <lines>
                <line number="99" hits="5"/>
              </lines>
            </method>
            <method name="(anonymous_6)" hits="16" signature="()V">
              <lines>
                <line number="115" hits="16"/>
              </lines>
            </method>
            <method name="(anonymous_7)" hits="2" signature="()V">
              <lines>
                <line number="127" hits="2"/>
              </lines>
            </method>
            <method name="(anonymous_8)" hits="3" signature="()V">
              <lines>
                <line number="139" hits="3"/>
              </lines>
            </method>
            <method name="(anonymous_9)" hits="8" signature="()V">
              <lines>
                <line number="160" hits="8"/>
              </lines>
            </method>
            <method name="(anonymous_10)" hits="13" signature="()V">
              <lines>
                <line number="193" hits="13"/>
              </lines>
            </method>
            <method name="(anonymous_11)" hits="20" signature="()V">
              <lines>
                <line number="198" hits="20"/>
              </lines>
            </method>
            <method name="(anonymous_12)" hits="3" signature="()V">
              <lines>
                <line number="213" hits="3"/>
              </lines>
            </method>
          </methods>
          <lines>
            <line number="21" hits="35" branch="true" condition-coverage="100% (4/4)"/>
            <line number="22" hits="35" branch="false"/>
            <line number="23" hits="35" branch="false"/>
            <line number="24" hits="35" branch="false"/>
            <line number="29" hits="23" branch="true" condition-coverage="100% (2/2)"/>
            <line number="34" hits="33" branch="false"/>
            <line number="43" hits="62" branch="false"/>
            <line number="44" hits="62" branch="true" condition-coverage="100% (2/2)"/>
            <line number="45" hits="62" branch="true" condition-coverage="100% (2/2)"/>
            <line number="46" hits="62" branch="true" condition-coverage="100% (2/2)"/>
            <line number="47" hits="2" branch="false"/>
            <line number="48" hits="62" branch="true" condition-coverage="100% (2/2)"/>
            <line number="49" hits="2" branch="false"/>
            <line number="52" hits="62" branch="false"/>
            <line number="56" hits="62" branch="false"/>
            <line number="57" hits="62" branch="false"/>
            <line number="58" hits="54" branch="true" condition-coverage="100% (2/2)"/>
            <line number="59" hits="2" branch="false"/>
            <line number="60" hits="52" branch="false"/>
            <line number="63" hits="10" branch="false"/>
            <line number="64" hits="10" branch="false"/>
            <line number="68" hits="5" branch="false"/>
            <line number="69" hits="5" branch="false"/>
            <line number="70" hits="5" branch="false"/>
            <line number="75" hits="3" branch="false"/>
            <line number="78" hits="2" branch="false"/>
            <line number="79" hits="2" branch="false"/>
            <line number="84" hits="3" branch="false"/>
            <line number="85" hits="3" branch="false"/>
            <line number="86" hits="3" branch="false"/>
            <line number="87" hits="2" branch="false"/>
            <line number="90" hits="1" branch="false"/>
            <line number="91" hits="1" branch="false"/>
            <line number="98" hits="33" branch="false"/>
            <line number="100" hits="5" branch="false"/>
            <line number="101" hits="5" branch="false"/>
            <line number="102" hits="5" branch="false"/>
            <line number="107" hits="3" branch="false"/>
            <line number="110" hits="2" branch="false"/>
            <line number="111" hits="2" branch="false"/>
            <line number="116" hits="16" branch="false"/>
            <line number="117" hits="16" branch="false"/>
            <line number="118" hits="16" branch="false"/>
            <line number="119" hits="14" branch="false"/>
            <line number="122" hits="2" branch="false"/>
            <line number="123" hits="2" branch="false"/>
            <line number="128" hits="2" branch="false"/>
            <line number="129" hits="2" branch="false"/>
            <line number="130" hits="2" branch="false"/>
            <line number="131" hits="1" branch="false"/>
            <line number="134" hits="1" branch="false"/>
            <line number="135" hits="1" branch="false"/>
            <line number="141" hits="3" branch="false"/>
            <line number="142" hits="3" branch="false"/>
            <line number="143" hits="3" branch="false"/>
            <line number="148" hits="2" branch="false"/>
            <line number="151" hits="1" branch="false"/>
            <line number="152" hits="1" branch="false"/>
            <line number="159" hits="33" branch="false"/>
            <line number="161" hits="8" branch="false"/>
            <line number="163" hits="8" branch="false"/>
            <line number="169" hits="8" branch="false"/>
            <line number="170" hits="8" branch="false"/>
            <line number="177" hits="3" branch="false"/>
            <line number="185" hits="3" branch="false"/>
            <line number="188" hits="5" branch="false"/>
            <line number="189" hits="5" branch="false"/>
            <line number="194" hits="13" branch="false"/>
            <line number="195" hits="13" branch="false"/>
            <line number="196" hits="13" branch="false"/>
            <line number="197" hits="11" branch="true" condition-coverage="100% (2/2)"/>
            <line number="198" hits="20" branch="false"/>
            <line number="208" hits="2" branch="false"/>
            <line number="209" hits="2" branch="false"/>
            <line number="214" hits="3" branch="false"/>
            <line number="215" hits="3" branch="false"/>
            <line number="216" hits="3" branch="false"/>
            <line number="217" hits="2" branch="false"/>
            <line number="227" hits="1" branch="false"/>
            <line number="228" hits="1" branch="false"/>
          </lines>
        </class>
        <class name="cart.tsx" filename="src\lib\cart.tsx" line-rate="0.96" branch-rate="0.8">
          <methods>
            <method name="reducer" hits="29" signature="()V">
              <lines>
                <line number="19" hits="29"/>
              </lines>
            </method>
            <method name="(anonymous_1)" hits="6" signature="()V">
              <lines>
                <line number="23" hits="6"/>
              </lines>
            </method>
            <method name="(anonymous_2)" hits="1" signature="()V">
              <lines>
                <line number="28" hits="1"/>
              </lines>
            </method>
            <method name="(anonymous_3)" hits="2" signature="()V">
              <lines>
                <line number="42" hits="2"/>
              </lines>
            </method>
            <method name="(anonymous_4)" hits="2" signature="()V">
              <lines>
                <line number="48" hits="2"/>
              </lines>
            </method>
            <method name="(anonymous_5)" hits="2" signature="()V">
              <lines>
                <line number="52" hits="2"/>
              </lines>
            </method>
            <method name="CartProvider" hits="95" signature="()V">
              <lines>
                <line number="70" hits="95"/>
              </lines>
            </method>
            <method name="(anonymous_7)" hits="28" signature="()V">
              <lines>
                <line number="76" hits="28"/>
              </lines>
            </method>
            <method name="(anonymous_8)" hits="28" signature="()V">
              <lines>
                <line number="79" hits="28"/>
              </lines>
            </method>
            <method name="useCart" hits="296" signature="()V">
              <lines>
                <line number="87" hits="296"/>
              </lines>
            </method>
          </methods>
          <lines>
            <line number="20" hits="29" branch="true" condition-coverage="80% (4/5)"/>
            <line number="22" hits="21" branch="false"/>
            <line number="23" hits="6" branch="false"/>
            <line number="25" hits="21" branch="true" condition-coverage="100% (2/2)"/>
            <line number="26" hits="1" branch="false"/>
            <line number="29" hits="1" branch="true" condition-coverage="50% (1/2)"/>
            <line number="34" hits="20" branch="false"/>
            <line number="40" hits="1" branch="false"/>
            <line number="42" hits="2" branch="false"/>
            <line number="45" hits="4" branch="true" condition-coverage="100% (2/2)"/>
            <line number="46" hits="2" branch="false"/>
            <line number="48" hits="2" branch="false"/>
            <line number="50" hits="2" branch="false"/>
            <line number="53" hits="2" branch="true" condition-coverage="50% (1/2)"/>
            <line number="57" hits="3" branch="false"/>
            <line number="59" hits="0" branch="false"/>
            <line number="63" hits="6" branch="false"/>
            <line number="71" hits="95" branch="false"/>
            <line number="75" hits="95" branch="false"/>
            <line number="76" hits="28" branch="false"/>
            <line number="79" hits="95" branch="false"/>
            <line number="80" hits="95" branch="false"/>
            <line number="88" hits="296" branch="false"/>
            <line number="89" hits="294" branch="true" condition-coverage="100% (2/2)"/>
            <line number="90" hits="290" branch="false"/>
          </lines>
        </class>
        <class name="config.ts" filename="src\lib\config.ts" line-rate="1" branch-rate="1">
          <methods>
            <method name="(anonymous_0)" hits="587" signature="()V">
              <lines>
                <line number="10" hits="587"/>
              </lines>
            </method>
            <method name="isAuthEnabled" hits="203" signature="()V">
              <lines>
                <line number="27" hits="203"/>
              </lines>
            </method>
          </methods>
          <lines>
            <line number="8" hits="64" branch="true" condition-coverage="100% (3/3)"/>
            <line number="10" hits="64" branch="false"/>
            <line number="11" hits="587" branch="true" condition-coverage="100% (4/4)"/>
            <line number="15" hits="64" branch="false"/>
            <line number="21" hits="64" branch="false"/>
            <line number="28" hits="203" branch="false"/>
          </lines>
        </class>
        <class name="formatters.ts" filename="src\lib\formatters.ts" line-rate="1" branch-rate="0.5">
          <methods>
            <method name="fmt" hits="459" signature="()V">
              <lines>
                <line number="1" hits="459"/>
              </lines>
            </method>
            <method name="fmtDate" hits="41" signature="()V">
              <lines>
                <line number="8" hits="41"/>
              </lines>
            </method>
          </methods>
          <lines>
            <line number="2" hits="459" branch="false"/>
            <line number="9" hits="41" branch="true" condition-coverage="50% (1/2)"/>
            <line number="10" hits="41" branch="false"/>
            <line number="11" hits="41" branch="true" condition-coverage="50% (1/2)"/>
            <line number="12" hits="41" branch="false"/>
          </lines>
        </class>
        <class name="http.ts" filename="src\lib\http.ts" line-rate="0.9" branch-rate="0.8887999999999999">
          <methods>
            <method name="generateUUID" hits="82" signature="()V">
              <lines>
                <line number="7" hits="82"/>
              </lines>
            </method>
            <method name="(anonymous_1)" hits="2542" signature="()V">
              <lines>
                <line number="12" hits="2542"/>
              </lines>
            </method>
            <method name="generateHexId" hits="167" signature="()V">
              <lines>
                <line number="18" hits="167"/>
              </lines>
            </method>
            <method name="(anonymous_3)" hits="0" signature="()V">
              <lines>
                <line number="22" hits="0"/>
              </lines>
            </method>
            <method name="(anonymous_4)" hits="1664" signature="()V">
              <lines>
                <line number="24" hits="1664"/>
              </lines>
            </method>
            <method name="buildTraceparent" hits="126" signature="()V">
              <lines>
                <line number="29" hits="126"/>
              </lines>
            </method>
            <method name="buildUrl" hits="130" signature="()V">
              <lines>
                <line number="41" hits="130"/>
              </lines>
            </method>
            <method name="doFetch" hits="126" signature="()V">
              <lines>
                <line number="59" hits="126"/>
              </lines>
            </method>
          </methods>
          <lines>
            <line number="5" hits="41" branch="true" condition-coverage="100% (2/2)"/>
            <line number="8" hits="82" branch="true" condition-coverage="50% (2/4)"/>
            <line number="9" hits="0" branch="false"/>
            <line number="12" hits="82" branch="false"/>
            <line number="13" hits="2542" branch="false"/>
            <line number="14" hits="2542" branch="true" condition-coverage="100% (2/2)"/>
            <line number="19" hits="167" branch="true" condition-coverage="50% (2/4)"/>
            <line number="20" hits="0" branch="false"/>
            <line number="21" hits="0" branch="false"/>
            <line number="22" hits="0" branch="false"/>
            <line number="24" hits="167" branch="false"/>
            <line number="25" hits="1664" branch="false"/>
            <line number="30" hits="126" branch="false"/>
            <line number="31" hits="126" branch="false"/>
            <line number="35" hits="41" branch="false"/>
            <line number="37" hits="41" branch="false"/>
            <line number="39" hits="41" branch="false"/>
            <line number="42" hits="130" branch="true" condition-coverage="100% (2/2)"/>
            <line number="43" hits="5" branch="true" condition-coverage="100% (3/3)"/>
            <line number="45" hits="2" branch="false"/>
            <line number="47" hits="2" branch="false"/>
            <line number="49" hits="1" branch="false"/>
            <line number="52" hits="125" branch="false"/>
            <line number="53" hits="125" branch="true" condition-coverage="100% (2/2)"/>
            <line number="54" hits="17" branch="false"/>
            <line number="55" hits="17" branch="true" condition-coverage="100% (2/2)"/>
            <line number="56" hits="17" branch="false"/>
            <line number="60" hits="126" branch="false"/>
            <line number="61" hits="126" branch="true" condition-coverage="100% (2/2)"/>
            <line number="62" hits="126" branch="false"/>
            <line number="67" hits="126" branch="true" condition-coverage="100% (2/2)"/>
            <line number="68" hits="91" branch="false"/>
            <line number="72" hits="126" branch="false"/>
            <line number="73" hits="126" branch="false"/>
            <line number="81" hits="2" branch="false"/>
            <line number="82" hits="2" branch="false"/>
            <line number="83" hits="2" branch="false"/>
            <line number="86" hits="124" branch="true" condition-coverage="100% (2/2)"/>
            <line number="87" hits="124" branch="false"/>
            <line number="88" hits="124" branch="false"/>
            <line number="89" hits="124" branch="true" condition-coverage="100% (2/2)"/>
            <line number="90" hits="122" branch="false"/>
            <line number="91" hits="122" branch="true" condition-coverage="100% (2/2)"/>
            <line number="95" hits="0" branch="false"/>
            <line number="99" hits="124" branch="true" condition-coverage="100% (2/2)"/>
            <line number="101" hits="26" branch="true" condition-coverage="100% (2/2)"/>
            <line number="102" hits="1" branch="false"/>
            <line number="106" hits="26" branch="false"/>
            <line number="107" hits="26" branch="false"/>
            <line number="109" hits="98" branch="false"/>
          </lines>
        </class>
      </classes>
    </package>
    <package name="src.services" line-rate="1" branch-rate="0.8845999999999999">
      <classes>
        <class name="keycloak.ts" filename="src\services\keycloak.ts" line-rate="1" branch-rate="0.8845999999999999">
          <methods>
            <method name="initKeycloak" hits="6" signature="()V">
              <lines>
                <line number="10" hits="6"/>
              </lines>
            </method>
            <method name="(anonymous_1)" hits="1" signature="()V">
              <lines>
                <line number="34" hits="1"/>
              </lines>
            </method>
            <method name="(anonymous_2)" hits="1" signature="()V">
              <lines>
                <line number="35" hits="1"/>
              </lines>
            </method>
            <method name="getToken" hits="93" signature="()V">
              <lines>
                <line number="45" hits="93"/>
              </lines>
            </method>
            <method name="getUsername" hits="2" signature="()V">
              <lines>
                <line number="53" hits="2"/>
              </lines>
            </method>
            <method name="getUserId" hits="93" signature="()V">
              <lines>
                <line number="60" hits="93"/>
              </lines>
            </method>
            <method name="hasRole" hits="5" signature="()V">
              <lines>
                <line number="67" hits="5"/>
              </lines>
            </method>
            <method name="logout" hits="2" signature="()V">
              <lines>
                <line number="75" hits="2"/>
              </lines>
            </method>
          </methods>
          <lines>
            <line number="4" hits="56" branch="false"/>
            <line number="11" hits="6" branch="true" condition-coverage="100% (2/2)"/>
            <line number="12" hits="1" branch="false"/>
            <line number="15" hits="5" branch="true" condition-coverage="100% (2/2)"/>
            <line number="16" hits="5" branch="true" condition-coverage="100% (2/2)"/>
            <line number="17" hits="5" branch="true" condition-coverage="100% (2/2)"/>
            <line number="19" hits="5" branch="false"/>
            <line number="27" hits="5" branch="true" condition-coverage="100% (2/2)"/>
            <line number="28" hits="4" branch="false"/>
            <line number="29" hits="4" branch="false"/>
            <line number="30" hits="4" branch="false"/>
            <line number="34" hits="5" branch="false"/>
            <line number="35" hits="1" branch="false"/>
            <line number="36" hits="1" branch="false"/>
            <line number="37" hits="1" branch="false"/>
            <line number="38" hits="1" branch="false"/>
            <line number="42" hits="5" branch="false"/>
            <line number="46" hits="93" branch="true" condition-coverage="100% (2/2)"/>
            <line number="47" hits="1" branch="false"/>
            <line number="49" hits="92" branch="false"/>
            <line number="50" hits="92" branch="false"/>
            <line number="54" hits="2" branch="true" condition-coverage="100% (2/2)"/>
            <line number="55" hits="1" branch="false"/>
            <line number="57" hits="1" branch="true" condition-coverage="50% (1/2)"/>
            <line number="61" hits="93" branch="true" condition-coverage="100% (2/2)"/>
            <line number="62" hits="1" branch="false"/>
            <line number="64" hits="92" branch="true" condition-coverage="50% (1/2)"/>
            <line number="68" hits="5" branch="true" condition-coverage="100% (2/2)"/>
            <line number="69" hits="2" branch="false"/>
            <line number="71" hits="3" branch="false"/>
            <line number="72" hits="3" branch="true" condition-coverage="50% (1/2)"/>
            <line number="76" hits="2" branch="true" condition-coverage="100% (2/2)"/>
            <line number="77" hits="1" branch="false"/>
            <line number="79" hits="1" branch="false"/>
            <line number="80" hits="1" branch="false"/>
            <line number="81" hits="1" branch="false"/>
            <line number="82" hits="1" branch="false"/>
          </lines>
        </class>
      </classes>
    </package>
  </packages>
</coverage>
