TN:
SF:src\App.tsx
FN:13,RateLimitBanner
FN:16,(anonymous_1)
FN:17,handleRateLimit
FN:19,(anonymous_3)
FN:22,(anonymous_4)
FN:53,(anonymous_5)
FN:70,App
FN:74,goToOrders
FNF:8
FNH:8
FNDA:19,RateLimitBanner
FNDA:9,(anonymous_1)
FNDA:2,handleRateLimit
FNDA:1,(anonymous_3)
FNDA:9,(anonymous_4)
FNDA:1,(anonymous_5)
FNDA:16,App
FNDA:1,goToOrders
DA:14,19
DA:16,19
DA:18,2
DA:19,2
DA:21,9
DA:22,9
DA:25,19
DA:27,2
DA:53,1
DA:71,16
DA:72,15
DA:75,1
DA:76,1
DA:79,15
LF:14
LH:14
BRDA:25,0,0,17
BRDA:25,0,1,2
BRDA:75,1,0,1
BRDA:75,1,1,1
BRDA:86,2,0,15
BRDA:86,2,1,9
BRDA:87,3,0,15
BRDA:87,3,1,2
BRDA:88,4,0,15
BRDA:88,4,1,2
BRDA:91,5,0,15
BRDA:91,5,1,1
BRDA:92,6,0,15
BRDA:92,6,1,1
BRF:14
BRH:14
end_of_record
TN:
SF:src\components\layout\Sidebar.tsx
FN:25,Sidebar
FN:33,(anonymous_1)
FN:62,(anonymous_2)
FN:70,(anonymous_3)
FN:88,(anonymous_4)
FNF:5
FNH:4
FNDA:25,Sidebar
FNDA:0,(anonymous_1)
FNDA:125,(anonymous_2)
FNDA:6,(anonymous_3)
FNDA:1,(anonymous_4)
DA:17,2
DA:26,25
DA:28,25
DA:33,0
DA:63,125
DA:64,117
DA:65,117
DA:66,117
DA:70,6
DA:88,1
LF:10
LH:9
BRDA:63,0,0,8
BRDA:63,0,1,117
BRDA:63,1,0,125
BRDA:63,1,1,25
BRDA:69,2,0,25
BRDA:69,2,1,92
BRDA:74,3,0,117
BRDA:74,3,1,25
BRDA:74,3,2,2
BRF:9
BRH:9
end_of_record
TN:
SF:src\components\pages\AdminProductsPage.tsx
FN:9,AdminProductsPage
FN:22,(anonymous_1)
FN:38,(anonymous_2)
FN:51,handleAdd
FN:64,(anonymous_4)
FN:83,handleDelete
FN:88,(anonymous_6)
FN:88,(anonymous_7)
FN:119,(anonymous_8)
FN:131,(anonymous_9)
FN:143,(anonymous_10)
FN:145,(anonymous_11)
FN:145,(anonymous_12)
FN:158,(anonymous_13)
FN:173,(anonymous_14)
FN:185,(anonymous_15)
FN:210,(anonymous_16)
FN:241,(anonymous_17)
FN:261,(anonymous_18)
FNF:19
FNH:17
FNDA:102,AdminProductsPage
FNDA:14,(anonymous_1)
FNDA:15,(anonymous_2)
FNDA:4,handleAdd
FNDA:2,(anonymous_4)
FNDA:3,handleDelete
FNDA:1,(anonymous_6)
FNDA:2,(anonymous_7)
FNDA:40,(anonymous_8)
FNDA:6,(anonymous_9)
FNDA:0,(anonymous_10)
FNDA:800,(anonymous_11)
FNDA:700,(anonymous_12)
FNDA:0,(anonymous_13)
FNDA:3,(anonymous_14)
FNDA:1,(anonymous_15)
FNDA:42,(anonymous_16)
FNDA:139,(anonymous_17)
FNDA:3,(anonymous_18)
DA:10,102
DA:11,101
DA:12,101
DA:14,101
DA:15,101
DA:16,101
DA:17,101
DA:18,101
DA:20,101
DA:22,101
DA:23,14
DA:24,14
DA:25,14
DA:26,14
DA:27,13
DA:29,1
DA:30,1
DA:31,1
DA:34,14
DA:38,101
DA:39,15
DA:42,101
DA:43,1
DA:52,4
DA:53,4
DA:54,4
DA:62,4
DA:63,4
DA:64,2
DA:65,2
DA:66,2
DA:67,2
DA:68,2
DA:69,2
DA:71,2
DA:73,1
DA:74,1
DA:78,0
DA:85,3
DA:86,2
DA:87,2
DA:88,2
DA:90,1
DA:91,1
DA:92,1
DA:97,100
DA:119,40
DA:131,6
DA:143,0
DA:145,800
DA:146,700
DA:158,0
DA:173,3
DA:186,1
DA:187,1
DA:188,1
DA:189,1
DA:190,1
DA:211,42
DA:242,139
DA:261,3
LF:61
LH:58
BRDA:29,0,0,1
BRDA:29,0,1,0
BRDA:39,1,0,14
BRDA:39,1,1,1
BRDA:42,2,0,1
BRDA:42,2,1,100
BRDA:56,3,0,4
BRDA:56,3,1,0
BRDA:58,4,0,4
BRDA:58,4,1,4
BRDA:59,5,0,1
BRDA:59,5,1,3
BRDA:71,6,0,1
BRDA:71,6,1,1
BRDA:73,7,0,1
BRDA:73,7,1,0
BRDA:73,8,0,1
BRDA:73,8,1,1
BRDA:75,9,0,1
BRDA:75,9,1,0
BRDA:85,10,0,1
BRDA:85,10,1,2
BRDA:90,11,0,1
BRDA:90,11,1,0
BRDA:200,12,0,100
BRDA:200,12,1,3
BRDA:207,13,0,14
BRDA:207,13,1,86
BRDA:215,14,0,17
BRDA:215,14,1,69
BRDA:253,15,0,139
BRDA:253,15,1,2
BRDA:255,16,0,68
BRDA:255,16,1,71
BRF:34
BRH:29
end_of_record
TN:
SF:src\components\pages\CartPage.tsx
FN:14,CartPage
FN:19,handleOrder
FN:25,(anonymous_2)
FN:89,(anonymous_3)
FN:106,(anonymous_4)
FN:119,(anonymous_5)
FN:136,(anonymous_6)
FN:153,(anonymous_7)
FNF:8
FNH:7
FNDA:22,CartPage
FNDA:3,handleOrder
FNDA:3,(anonymous_2)
FNDA:14,(anonymous_3)
FNDA:1,(anonymous_4)
FNDA:1,(anonymous_5)
FNDA:0,(anonymous_6)
FNDA:14,(anonymous_7)
DA:15,22
DA:16,22
DA:17,22
DA:20,3
DA:21,3
DA:22,3
DA:23,3
DA:25,3
DA:31,2
DA:32,2
DA:34,1
DA:35,1
DA:40,3
DA:44,22
DA:45,10
DA:60,12
DA:90,14
DA:107,1
DA:120,1
DA:136,0
DA:154,14
LF:21
LH:20
BRDA:34,0,0,1
BRDA:34,0,1,0
BRDA:44,1,0,10
BRDA:44,1,1,12
BRDA:65,2,0,3
BRDA:65,2,1,9
BRDA:175,3,0,12
BRDA:175,3,1,1
BRDA:187,4,0,3
BRDA:187,4,1,9
BRF:10
BRH:9
end_of_record
TN:
SF:src\components\pages\CatalogPage.tsx
FN:23,ProductCard
FN:31,(anonymous_1)
FN:120,SkeletonCard
FN:137,CatalogPage
FN:149,pushErrorToast
FN:151,(anonymous_5)
FN:152,(anonymous_6)
FN:153,(anonymous_7)
FN:153,(anonymous_8)
FN:158,(anonymous_9)
FN:175,(anonymous_10)
FN:182,(anonymous_11)
FN:209,(anonymous_12)
FN:213,handleSearch
FN:218,handleAdd
FN:221,(anonymous_15)
FN:224,handleCatChange
FN:229,handleReset
FN:248,(anonymous_18)
FN:281,(anonymous_19)
FN:291,(anonymous_20)
FN:293,(anonymous_21)
FN:306,(anonymous_22)
FN:317,(anonymous_23)
FN:344,(anonymous_24)
FN:356,(anonymous_25)
FN:357,(anonymous_26)
FNF:27
FNH:24
FNDA:100,ProductCard
FNDA:4,(anonymous_1)
FNDA:248,SkeletonCard
FNDA:81,CatalogPage
FNDA:7,pushErrorToast
FNDA:7,(anonymous_5)
FNDA:0,(anonymous_6)
FNDA:0,(anonymous_7)
FNDA:0,(anonymous_8)
FNDA:31,(anonymous_9)
FNDA:2,(anonymous_10)
FNDA:1,(anonymous_11)
FNDA:27,(anonymous_12)
FNDA:2,handleSearch
FNDA:2,handleAdd
FNDA:1,(anonymous_15)
FNDA:1,handleCatChange
FNDA:1,handleReset
FNDA:7,(anonymous_18)
FNDA:12,(anonymous_19)
FNDA:1,(anonymous_20)
FNDA:632,(anonymous_21)
FNDA:3,(anonymous_22)
FNDA:4,(anonymous_23)
FNDA:248,(anonymous_24)
FNDA:100,(anonymous_25)
FNDA:2,(anonymous_26)
DA:13,2
DA:30,100
DA:31,100
DA:33,100
DA:121,248
DA:138,81
DA:139,79
DA:140,79
DA:141,79
DA:142,79
DA:143,79
DA:144,79
DA:145,79
DA:146,79
DA:147,79
DA:150,7
DA:151,7
DA:152,7
DA:153,0
DA:157,79
DA:159,31
DA:160,31
DA:161,31
DA:162,31
DA:168,25
DA:170,6
DA:172,6
DA:173,6
DA:174,6
DA:175,1
DA:176,2
DA:180,5
DA:181,4
DA:182,1
DA:183,1
DA:187,3
DA:188,2
DA:190,1
DA:192,1
DA:193,1
DA:195,6
DA:197,0
DA:200,0
DA:203,31
DA:209,79
DA:210,27
DA:214,2
DA:215,2
DA:219,2
DA:220,2
DA:221,2
DA:225,1
DA:226,1
DA:230,1
DA:231,1
DA:232,1
DA:233,1
DA:234,1
DA:237,79
DA:249,7
DA:281,12
DA:291,1
DA:294,632
DA:306,3
DA:317,4
DA:345,248
DA:357,100
LF:67
LH:64
BRDA:49,0,0,100
BRDA:49,0,1,0
BRDA:70,1,0,100
BRDA:70,1,1,1
BRDA:76,2,0,100
BRDA:76,2,1,64
BRDA:80,3,0,32
BRDA:80,3,1,32
BRDA:84,4,0,32
BRDA:84,4,1,32
BRDA:102,5,0,2
BRDA:102,5,1,98
BRDA:104,6,0,2
BRDA:104,6,1,98
BRDA:149,7,0,7
BRDA:163,8,0,31
BRDA:163,8,1,30
BRDA:164,9,0,1
BRDA:164,9,1,30
BRDA:164,10,0,31
BRDA:164,10,1,4
BRDA:165,11,0,1
BRDA:165,11,1,30
BRDA:166,12,0,1
BRDA:166,12,1,30
BRDA:170,13,0,0
BRDA:170,13,1,6
BRDA:172,14,0,6
BRDA:172,14,1,0
BRDA:172,15,0,6
BRDA:172,15,1,6
BRDA:174,16,0,1
BRDA:174,16,1,5
BRDA:177,17,0,2
BRDA:177,17,1,0
BRDA:177,17,2,0
BRDA:177,18,0,2
BRDA:177,18,1,0
BRDA:177,18,2,0
BRDA:180,19,0,4
BRDA:180,19,1,1
BRDA:180,20,0,5
BRDA:180,20,1,5
BRDA:181,21,0,1
BRDA:181,21,1,3
BRDA:181,22,0,4
BRDA:181,22,1,1
BRDA:184,23,0,1
BRDA:184,23,1,0
BRDA:184,23,2,0
BRDA:184,24,0,1
BRDA:184,24,1,0
BRDA:184,24,2,0
BRDA:187,25,0,2
BRDA:187,25,1,1
BRDA:187,26,0,3
BRDA:187,26,1,2
BRDA:188,27,0,2
BRDA:188,27,1,1
BRDA:192,28,0,1
BRDA:192,28,1,0
BRDA:240,29,0,79
BRDA:240,29,1,77
BRDA:240,29,2,8
BRDA:242,30,0,8
BRDA:242,30,1,2
BRDA:261,31,0,75
BRDA:261,31,1,4
BRDA:262,32,0,75
BRDA:262,32,1,4
BRDA:334,33,0,79
BRDA:334,33,1,6
BRDA:342,34,0,31
BRDA:342,34,1,48
BRDA:348,35,0,12
BRDA:348,35,1,36
BRF:76
BRH:64
end_of_record
TN:
SF:src\components\pages\OrdersPage.tsx
FN:23,(anonymous_0)
FN:40,OrderRow
FN:47,handlePay
FN:107,(anonymous_3)
FN:107,(anonymous_4)
FN:155,(anonymous_5)
FN:258,OrdersPage
FN:265,(anonymous_7)
FN:267,(anonymous_8)
FN:270,(anonymous_9)
FN:273,(anonymous_10)
FN:280,(anonymous_11)
FN:283,(anonymous_12)
FN:284,(anonymous_13)
FN:285,(anonymous_14)
FN:302,(anonymous_15)
FN:320,(anonymous_16)
FN:336,(anonymous_17)
FNF:18
FNH:18
FNDA:28,(anonymous_0)
FNDA:28,OrderRow
FNDA:5,handlePay
FNDA:1,(anonymous_3)
FNDA:1,(anonymous_4)
FNDA:17,(anonymous_5)
FNDA:26,OrdersPage
FNDA:14,(anonymous_7)
FNDA:12,(anonymous_8)
FNDA:30,(anonymous_9)
FNDA:2,(anonymous_10)
FNDA:14,(anonymous_11)
FNDA:17,(anonymous_12)
FNDA:17,(anonymous_13)
FNDA:17,(anonymous_14)
FNDA:27,(anonymous_15)
FNDA:42,(anonymous_16)
FNDA:17,(anonymous_17)
DA:23,2
DA:24,28
DA:29,28
DA:30,28
DA:41,28
DA:42,28
DA:43,28
DA:44,28
DA:45,28
DA:48,5
DA:49,5
DA:50,5
DA:51,5
DA:56,1
DA:57,1
DA:58,1
DA:59,1
DA:60,1
DA:65,0
DA:66,0
DA:69,4
DA:71,4
DA:72,3
DA:73,3
DA:74,3
DA:75,1
DA:76,2
DA:77,1
DA:79,3
DA:82,1
DA:85,1
DA:88,5
DA:92,28
DA:107,1
DA:157,17
DA:162,17
DA:163,17
DA:259,26
DA:260,26
DA:261,26
DA:262,26
DA:263,26
DA:265,26
DA:266,14
DA:268,12
DA:269,12
DA:270,30
DA:271,12
DA:274,2
DA:275,2
DA:280,14
DA:283,26
DA:284,26
DA:285,26
DA:287,26
DA:303,27
DA:321,42
DA:337,17
LF:58
LH:56
BRDA:57,0,0,1
BRDA:57,0,1,0
BRDA:69,1,0,0
BRDA:69,1,1,4
BRDA:71,2,0,3
BRDA:71,2,1,1
BRDA:71,3,0,4
BRDA:71,3,1,4
BRDA:72,4,0,3
BRDA:72,4,1,0
BRDA:74,5,0,1
BRDA:74,5,1,2
BRDA:76,6,0,1
BRDA:76,6,1,1
BRDA:82,7,0,0
BRDA:82,7,1,1
BRDA:82,8,0,1
BRDA:82,8,1,1
BRDA:96,9,0,16
BRDA:96,9,1,12
BRDA:110,10,0,28
BRDA:110,10,1,16
BRDA:126,11,0,28
BRDA:126,11,1,17
BRDA:157,12,0,17
BRDA:157,12,1,17
BRDA:157,12,2,17
BRDA:157,12,3,6
BRDA:162,13,0,17
BRDA:162,13,1,6
BRDA:162,13,2,0
BRDA:168,14,0,11
BRDA:168,14,1,6
BRDA:171,15,0,11
BRDA:171,15,1,6
BRDA:196,16,0,1
BRDA:196,16,1,16
BRDA:199,17,0,1
BRDA:199,17,1,0
BRDA:202,18,0,1
BRDA:202,18,1,0
BRDA:209,19,0,1
BRDA:209,19,1,0
BRDA:222,20,0,4
BRDA:222,20,1,12
BRDA:229,21,0,17
BRDA:229,21,1,15
BRDA:229,21,2,15
BRDA:235,22,0,5
BRDA:235,22,1,10
BRDA:274,23,0,2
BRDA:274,23,1,0
BRDA:292,24,0,21
BRDA:292,24,1,5
BRDA:296,25,0,26
BRDA:296,25,1,9
BRDA:311,26,0,26
BRDA:311,26,1,1
BRDA:318,27,0,14
BRDA:318,27,1,12
BRDA:328,28,0,3
BRDA:328,28,1,9
BRF:62
BRH:53
end_of_record
TN:
SF:src\components\pages\PaymentPage.tsx
FN:12,PaymentPage
FN:17,(anonymous_1)
FN:21,(anonymous_2)
FN:33,(anonymous_3)
FN:36,(anonymous_4)
FN:37,(anonymous_5)
FN:38,(anonymous_6)
FN:91,(anonymous_7)
FN:116,(anonymous_8)
FN:146,(anonymous_9)
FNF:10
FNH:10
FNDA:17,PaymentPage
FNDA:9,(anonymous_1)
FNDA:1,(anonymous_2)
FNDA:9,(anonymous_3)
FNDA:12,(anonymous_4)
FNDA:12,(anonymous_5)
FNDA:8,(anonymous_6)
FNDA:16,(anonymous_7)
FNDA:36,(anonymous_8)
FNDA:12,(anonymous_9)
DA:13,17
DA:14,16
DA:15,16
DA:17,16
DA:18,9
DA:22,1
DA:24,1
DA:28,1
DA:33,9
DA:36,16
DA:37,16
DA:38,16
DA:40,16
DA:44,16
DA:92,16
DA:117,36
DA:147,12
LF:17
LH:17
BRDA:22,0,0,1
BRDA:22,0,1,0
BRDA:24,1,0,0
BRDA:24,1,1,1
BRDA:24,2,0,1
BRDA:24,2,1,1
BRDA:40,3,0,4
BRDA:40,3,1,12
BRDA:49,4,0,16
BRDA:49,4,1,0
BRDA:64,5,0,16
BRDA:64,5,1,4
BRDA:96,6,0,4
BRDA:96,6,1,12
BRDA:106,7,0,16
BRDA:106,7,1,1
BRDA:113,8,0,9
BRDA:113,8,1,7
BRDA:121,9,0,3
BRDA:121,9,1,4
BRDA:160,10,0,8
BRDA:160,10,1,4
BRF:22
BRH:19
end_of_record
TN:
SF:src\lib\api.ts
FN:20,(anonymous_0)
FN:28,isRateLimitError
FN:35,(anonymous_2)
FN:67,(anonymous_3)
FN:83,(anonymous_4)
FN:99,(anonymous_5)
FN:115,(anonymous_6)
FN:127,(anonymous_7)
FN:139,(anonymous_8)
FN:160,(anonymous_9)
FN:193,(anonymous_10)
FN:198,(anonymous_11)
FN:213,(anonymous_12)
FNF:13
FNH:13
FNDA:35,(anonymous_0)
FNDA:23,isRateLimitError
FNDA:62,(anonymous_2)
FNDA:5,(anonymous_3)
FNDA:3,(anonymous_4)
FNDA:5,(anonymous_5)
FNDA:16,(anonymous_6)
FNDA:2,(anonymous_7)
FNDA:3,(anonymous_8)
FNDA:8,(anonymous_9)
FNDA:13,(anonymous_10)
FNDA:20,(anonymous_11)
FNDA:3,(anonymous_12)
DA:21,35
DA:22,35
DA:23,35
DA:24,35
DA:29,23
DA:34,33
DA:43,62
DA:44,62
DA:45,62
DA:46,62
DA:47,2
DA:48,62
DA:49,2
DA:52,62
DA:56,62
DA:57,62
DA:58,54
DA:59,2
DA:60,52
DA:63,10
DA:64,10
DA:68,5
DA:69,5
DA:70,5
DA:75,3
DA:78,2
DA:79,2
DA:84,3
DA:85,3
DA:86,3
DA:87,2
DA:90,1
DA:91,1
DA:98,33
DA:100,5
DA:101,5
DA:102,5
DA:107,3
DA:110,2
DA:111,2
DA:116,16
DA:117,16
DA:118,16
DA:119,14
DA:122,2
DA:123,2
DA:128,2
DA:129,2
DA:130,2
DA:131,1
DA:134,1
DA:135,1
DA:141,3
DA:142,3
DA:143,3
DA:148,2
DA:151,1
DA:152,1
DA:159,33
DA:161,8
DA:163,8
DA:169,8
DA:170,8
DA:177,3
DA:185,3
DA:188,5
DA:189,5
DA:194,13
DA:195,13
DA:196,13
DA:197,11
DA:198,20
DA:208,2
DA:209,2
DA:214,3
DA:215,3
DA:216,3
DA:217,2
DA:227,1
DA:228,1
LF:80
LH:80
BRDA:21,0,0,35
BRDA:21,0,1,30
BRDA:21,0,2,27
BRDA:21,0,3,18
BRDA:29,1,0,23
BRDA:29,1,1,20
BRDA:44,2,0,2
BRDA:44,2,1,60
BRDA:45,3,0,2
BRDA:45,3,1,60
BRDA:46,4,0,2
BRDA:46,4,1,60
BRDA:48,5,0,2
BRDA:48,5,1,60
BRDA:54,6,0,4
BRDA:54,6,1,58
BRDA:58,7,0,2
BRDA:58,7,1,52
BRDA:164,8,0,8
BRDA:164,8,1,0
BRDA:165,9,0,8
BRDA:165,9,1,5
BRDA:179,10,0,3
BRDA:179,10,1,1
BRDA:180,11,0,3
BRDA:180,11,1,1
BRDA:183,12,0,3
BRDA:183,12,1,1
BRDA:197,13,0,10
BRDA:197,13,1,1
BRDA:200,14,0,20
BRDA:200,14,1,1
BRDA:201,15,0,20
BRDA:201,15,1,1
BRDA:204,16,0,20
BRDA:204,16,1,1
BRDA:219,17,0,2
BRDA:219,17,1,1
BRDA:220,18,0,2
BRDA:220,18,1,1
BRDA:223,19,0,2
BRDA:223,19,1,1
BRF:42
BRH:41
end_of_record
TN:
SF:src\lib\cart.tsx
FN:19,reducer
FN:23,(anonymous_1)
FN:28,(anonymous_2)
FN:42,(anonymous_3)
FN:48,(anonymous_4)
FN:52,(anonymous_5)
FN:70,CartProvider
FN:76,(anonymous_7)
FN:79,(anonymous_8)
FN:87,useCart
FNF:10
FNH:10
FNDA:29,reducer
FNDA:6,(anonymous_1)
FNDA:1,(anonymous_2)
FNDA:2,(anonymous_3)
FNDA:2,(anonymous_4)
FNDA:2,(anonymous_5)
FNDA:95,CartProvider
FNDA:28,(anonymous_7)
FNDA:28,(anonymous_8)
FNDA:296,useCart
DA:20,29
DA:22,21
DA:23,6
DA:25,21
DA:26,1
DA:29,1
DA:34,20
DA:40,1
DA:42,2
DA:45,4
DA:46,2
DA:48,2
DA:50,2
DA:53,2
DA:57,3
DA:59,0
DA:63,6
DA:71,95
DA:75,95
DA:76,28
DA:79,95
DA:80,95
DA:88,296
DA:89,294
DA:90,290
LF:25
LH:24
BRDA:20,0,0,21
BRDA:20,0,1,1
BRDA:20,0,2,4
BRDA:20,0,3,3
BRDA:20,0,4,0
BRDA:25,1,0,1
BRDA:25,1,1,20
BRDA:29,2,0,1
BRDA:29,2,1,0
BRDA:45,3,0,2
BRDA:45,3,1,2
BRDA:53,4,0,2
BRDA:53,4,1,0
BRDA:89,5,0,4
BRDA:89,5,1,290
BRF:15
BRH:12
end_of_record
TN:
SF:src\lib\config.ts
FN:10,(anonymous_0)
FN:27,isAuthEnabled
FNF:2
FNH:2
FNDA:587,(anonymous_0)
FNDA:203,isAuthEnabled
DA:8,64
DA:10,64
DA:11,587
DA:15,64
DA:21,64
DA:28,203
LF:6
LH:6
BRDA:8,0,0,64
BRDA:8,0,1,64
BRDA:8,0,2,63
BRDA:11,1,0,587
BRDA:11,1,1,587
BRDA:11,1,2,586
BRDA:11,1,3,564
BRF:7
BRH:7
end_of_record
TN:
SF:src\lib\formatters.ts
FN:1,fmt
FN:8,fmtDate
FNF:2
FNH:2
FNDA:459,fmt
FNDA:41,fmtDate
DA:2,459
DA:9,41
DA:10,41
DA:11,41
DA:12,41
LF:5
LH:5
BRDA:9,0,0,0
BRDA:9,0,1,41
BRDA:11,1,0,0
BRDA:11,1,1,41
BRF:4
BRH:2
end_of_record
TN:
SF:src\lib\http.ts
FN:7,generateUUID
FN:12,(anonymous_1)
FN:18,generateHexId
FN:22,(anonymous_3)
FN:24,(anonymous_4)
FN:29,buildTraceparent
FN:41,buildUrl
FN:59,doFetch
FNF:8
FNH:7
FNDA:82,generateUUID
FNDA:2542,(anonymous_1)
FNDA:167,generateHexId
FNDA:0,(anonymous_3)
FNDA:1664,(anonymous_4)
FNDA:126,buildTraceparent
FNDA:130,buildUrl
FNDA:126,doFetch
DA:5,41
DA:8,82
DA:9,0
DA:12,82
DA:13,2542
DA:14,2542
DA:19,167
DA:20,0
DA:21,0
DA:22,0
DA:24,167
DA:25,1664
DA:30,126
DA:31,126
DA:35,41
DA:37,41
DA:39,41
DA:42,130
DA:43,5
DA:45,2
DA:47,2
DA:49,1
DA:52,125
DA:53,125
DA:54,17
DA:55,17
DA:56,17
DA:60,126
DA:61,126
DA:62,126
DA:67,126
DA:68,91
DA:72,126
DA:73,126
DA:81,2
DA:82,2
DA:83,2
DA:86,124
DA:87,124
DA:88,124
DA:89,124
DA:90,122
DA:91,122
DA:95,0
DA:99,124
DA:101,26
DA:102,1
DA:106,26
DA:107,26
DA:109,98
LF:50
LH:45
BRDA:5,0,0,41
BRDA:5,0,1,41
BRDA:8,1,0,0
BRDA:8,1,1,82
BRDA:8,2,0,82
BRDA:8,2,1,0
BRDA:14,3,0,2460
BRDA:14,3,1,82
BRDA:19,4,0,0
BRDA:19,4,1,167
BRDA:19,5,0,167
BRDA:19,5,1,0
BRDA:41,6,0,8
BRDA:42,7,0,5
BRDA:42,7,1,125
BRDA:43,8,0,2
BRDA:43,8,1,2
BRDA:43,8,2,1
BRDA:53,9,0,108
BRDA:53,9,1,17
BRDA:55,10,0,13
BRDA:55,10,1,4
BRDA:61,11,0,91
BRDA:61,11,1,35
BRDA:67,12,0,91
BRDA:67,12,1,35
BRDA:86,13,0,124
BRDA:86,13,1,2
BRDA:89,14,0,122
BRDA:89,14,1,2
BRDA:91,15,0,121
BRDA:91,15,1,1
BRDA:99,16,0,26
BRDA:99,16,1,98
BRDA:101,17,0,1
BRDA:101,17,1,25
BRF:36
BRH:32
end_of_record
TN:
SF:src\services\keycloak.ts
FN:10,initKeycloak
FN:34,(anonymous_1)
FN:35,(anonymous_2)
FN:45,getToken
FN:53,getUsername
FN:60,getUserId
FN:67,hasRole
FN:75,logout
FNF:8
FNH:8
FNDA:6,initKeycloak
FNDA:1,(anonymous_1)
FNDA:1,(anonymous_2)
FNDA:93,getToken
FNDA:2,getUsername
FNDA:93,getUserId
FNDA:5,hasRole
FNDA:2,logout
DA:4,56
DA:11,6
DA:12,1
DA:15,5
DA:16,5
DA:17,5
DA:19,5
DA:27,5
DA:28,4
DA:29,4
DA:30,4
DA:34,5
DA:35,1
DA:36,1
DA:37,1
DA:38,1
DA:42,5
DA:46,93
DA:47,1
DA:49,92
DA:50,92
DA:54,2
DA:55,1
DA:57,1
DA:61,93
DA:62,1
DA:64,92
DA:68,5
DA:69,2
DA:71,3
DA:72,3
DA:76,2
DA:77,1
DA:79,1
DA:80,1
DA:81,1
DA:82,1
LF:37
LH:37
BRDA:11,0,0,1
BRDA:11,0,1,5
BRDA:15,1,0,5
BRDA:15,1,1,4
BRDA:16,2,0,5
BRDA:16,2,1,4
BRDA:17,3,0,5
BRDA:17,3,1,4
BRDA:27,4,0,4
BRDA:27,4,1,1
BRDA:46,5,0,1
BRDA:46,5,1,92
BRDA:54,6,0,1
BRDA:54,6,1,1
BRDA:57,7,0,1
BRDA:57,7,1,0
BRDA:61,8,0,1
BRDA:61,8,1,92
BRDA:64,9,0,92
BRDA:64,9,1,0
BRDA:68,10,0,2
BRDA:68,10,1,3
BRDA:72,11,0,3
BRDA:72,11,1,0
BRDA:76,12,0,1
BRDA:76,12,1,1
BRF:26
BRH:23
end_of_record
